#
# A fatal error has been detected by the Java Runtime Environment:
#
#  EXCEPTION_ACCESS_VIOLATION (0xc0000005) at pc=0x00000001800044cb, pid=11388, tid=0x0000000000002020
#
# JRE version: Java(TM) SE Runtime Environment (8.0_271-b09) (build 1.8.0_271-b09)
# Java VM: Java HotSpot(TM) 64-Bit Server VM (25.271-b09 mixed mode windows-amd64 compressed oops)
# Problematic frame:
# C  [rxtxSerial.dll+0x44cb]
#
# Failed to write core dump. Minidumps are not enabled by default on client versions of Windows
#
# If you would like to submit a bug report, please visit:
#   http://bugreport.java.com/bugreport/crash.jsp
# The crash happened outside the Java Virtual Machine in native code.
# See problematic frame for where to report the bug.
#

---------------  T H R E A D  ---------------

Current thread (0x000001b4fa594800):  JavaThread "Animation Thread" [_thread_in_native, id=8224, stack(0x0000002b50b00000,0x0000002b50c00000)]

siginfo: ExceptionCode=0xc0000005, reading address 0x0000000050fff0dc

Registers:
RAX=0x000000000000001c, RBX=0x0000000000000001, RCX=0x0000002b50bfee2c, RDX=0x0000000000000000
RSP=0x0000002b50bfea50, RBP=0x0000000000000001, RSI=0x0000000000000000, RDI=0x000001b4fa5949f8
R8 =0x0000002b50bfe710, R9 =0x0000000180000000, R10=0x0000000000000000, R11=0x0000000000000200
R12=0x0000000050fff0d0, R13=0x0000000000000000, R14=0x0000002b50bfef40, R15=0x000001b4fa594800
RIP=0x00000001800044cb, EFLAGS=0x0000000000010202

Top of Stack: (sp=0x0000002b50bfea50)
0x0000002b50bfea50:   000001b488edfcd0 000000018001c4c0
0x0000002b50bfea60:   0000000000000000 0000000000000001
0x0000002b50bfea70:   000001b4f72766d8 000001b4fa594800
0x0000002b50bfea80:   0000002b50bfef40 000001b4fa594800
0x0000002b50bfea90:   00000007c0002368 00000007c0002368
0x0000002b50bfeaa0:   000001b4f72766d8 000001b4fa594800
0x0000002b50bfeab0:   000027e7601ec349 000001b4fa594800
0x0000002b50bfeac0:   0000002b50bfebc0 000000005c08718c
0x0000002b50bfead0:   0000000000000000 0000000000000000
0x0000002b50bfeae0:   000001b4dcf442a0 000000005c15c9a7
0x0000002b50bfeaf0:   000000005c4f9ef0 000000005c15e565
0x0000002b50bfeb00:   0000000000000004 0000000000000004
0x0000002b50bfeb10:   000027e7601ec329 000001b4fa594800
0x0000002b50bfeb20:   000001b4dcf442a0 000000005c00f705
0x0000002b50bfeb30:   000001b488edfcd0 0000002b50bfebc0
0x0000002b50bfeb40:   0000000000000000 0000002b50bfec90 

Instructions: (pc=0x00000001800044cb)
0x00000001800044ab:   1f 48 8b d3 48 8b cf 41 ff 93 b8 00 00 00 45 84
0x00000001800044bb:   ed 0f 85 b7 00 00 00 4d 85 e4 0f 84 ae 00 00 00
0x00000001800044cb:   41 83 7c 24 0c 00 0f 84 a2 00 00 00 48 8d 4c 24
0x00000001800044db:   38 49 8b d4 41 b8 40 03 00 00 e8 06 64 00 00 4c 


Register to memory mapping:

RAX=0x000000000000001c is an unknown value
RBX=0x0000000000000001 is an unknown value
RCX=0x0000002b50bfee2c is pointing into the stack for thread: 0x000001b4fa594800
RDX=0x0000000000000000 is an unknown value
RSP=0x0000002b50bfea50 is pointing into the stack for thread: 0x000001b4fa594800
RBP=0x0000000000000001 is an unknown value
RSI=0x0000000000000000 is an unknown value
RDI=0x000001b4fa5949f8 is an unknown value
R8 =0x0000002b50bfe710 is pointing into the stack for thread: 0x000001b4fa594800
R9 =0x0000000180000000 is an unknown value
R10=0x0000000000000000 is an unknown value
R11=0x0000000000000200 is an unknown value
R12=0x0000000050fff0d0 is an unknown value
R13=0x0000000000000000 is an unknown value
R14=0x0000002b50bfef40 is pointing into the stack for thread: 0x000001b4fa594800
R15=0x000001b4fa594800 is a thread


Stack: [0x0000002b50b00000,0x0000002b50c00000],  sp=0x0000002b50bfea50,  free space=1018k
Native frames: (J=compiled Java code, j=interpreted, Vv=VM code, C=native code)
C  [rxtxSerial.dll+0x44cb]
C  0x000001b4deaa9f4e

Java frames: (J=compiled Java code, j=interpreted, Vv=VM code)
j  gnu.io.RXTXPort.nativeDrain(Z)Z+0
j  gnu.io.RXTXPort$SerialOutputStream.flush()V+92
j  processing.serial.Serial.write([B)V+12
j  MultiWiiConf.sendRequestMSP(Ljava/util/List;)V+60
j  MultiWiiConf.draw()V+934
j  processing.core.PApplet.handleDraw()V+145
j  processing.core.PApplet.run()V+72
j  java.lang.Thread.run()V+11
v  ~StubRoutines::call_stub

---------------  P R O C E S S  ---------------

Java Threads: ( => current thread )
  0x000001b4fa759000 JavaThread "Thread-3" [_thread_in_native, id=10484, stack(0x0000002b50f00000,0x0000002b51000000)]
  0x000001b4fa758000 JavaThread "DestroyJavaVM" [_thread_blocked, id=14360, stack(0x0000002b4ef00000,0x0000002b4f000000)]
=>0x000001b4fa594800 JavaThread "Animation Thread" [_thread_in_native, id=8224, stack(0x0000002b50b00000,0x0000002b50c00000)]
  0x000001b4fa530000 JavaThread "AWT-EventQueue-0" [_thread_blocked, id=15568, stack(0x0000002b50900000,0x0000002b50a00000)]
  0x000001b4f9ec8000 JavaThread "AWT-Windows" daemon [_thread_in_native, id=11780, stack(0x0000002b50500000,0x0000002b50600000)]
  0x000001b4f9ec7000 JavaThread "AWT-Shutdown" [_thread_blocked, id=6704, stack(0x0000002b50400000,0x0000002b50500000)]
  0x000001b4f9ec6800 JavaThread "Java2D Disposer" daemon [_thread_blocked, id=4084, stack(0x0000002b50300000,0x0000002b50400000)]
  0x000001b4f880e800 JavaThread "Service Thread" daemon [_thread_blocked, id=17176, stack(0x0000002b50100000,0x0000002b50200000)]
  0x000001b4f879d800 JavaThread "C1 CompilerThread3" daemon [_thread_blocked, id=12760, stack(0x0000002b50000000,0x0000002b50100000)]
  0x000001b4f8797000 JavaThread "C2 CompilerThread2" daemon [_thread_blocked, id=7912, stack(0x0000002b4ff00000,0x0000002b50000000)]
  0x000001b4f8790000 JavaThread "C2 CompilerThread1" daemon [_thread_blocked, id=10892, stack(0x0000002b4fe00000,0x0000002b4ff00000)]
  0x000001b4f878d000 JavaThread "C2 CompilerThread0" daemon [_thread_blocked, id=8504, stack(0x0000002b4fd00000,0x0000002b4fe00000)]
  0x000001b4f878b800 JavaThread "Attach Listener" daemon [_thread_blocked, id=3388, stack(0x0000002b4fc00000,0x0000002b4fd00000)]
  0x000001b4f878a800 JavaThread "Signal Dispatcher" daemon [_thread_blocked, id=12272, stack(0x0000002b4fb00000,0x0000002b4fc00000)]
  0x000001b4f875a000 JavaThread "Finalizer" daemon [_thread_blocked, id=5924, stack(0x0000002b4fa00000,0x0000002b4fb00000)]
  0x000001b4f8738800 JavaThread "Reference Handler" daemon [_thread_blocked, id=14792, stack(0x0000002b4f900000,0x0000002b4fa00000)]

Other Threads:
  0x000001b4f8733000 VMThread [stack: 0x0000002b4f800000,0x0000002b4f900000] [id=9636]
  0x000001b4f9b77800 WatcherThread [stack: 0x0000002b50200000,0x0000002b50300000] [id=4336]

VM state:not at safepoint (normal execution)

VM Mutex/Monitor currently owned by a thread: None

heap address: 0x00000006c2400000, size: 4060 MB, Compressed Oops mode: Zero based, Oop shift amount: 3
Narrow klass base: 0x0000000000000000, Narrow klass shift: 3
Compressed class space size: 1073741824 Address: 0x00000007c0000000

Heap:
 PSYoungGen      total 75776K, used 16545K [0x000000076b700000, 0x0000000770b80000, 0x00000007c0000000)
  eden space 65024K, 18% used [0x000000076b700000,0x000000076c2aa958,0x000000076f680000)
  from space 10752K, 42% used [0x0000000770100000,0x000000077057dc08,0x0000000770b80000)
  to   space 10752K, 0% used [0x000000076f680000,0x000000076f680000,0x0000000770100000)
 ParOldGen       total 173568K, used 32K [0x00000006c2400000, 0x00000006ccd80000, 0x000000076b700000)
  object space 173568K, 0% used [0x00000006c2400000,0x00000006c2408000,0x00000006ccd80000)
 Metaspace       used 13223K, capacity 13432K, committed 13696K, reserved 1060864K
  class space    used 1300K, capacity 1367K, committed 1408K, reserved 1048576K

Card table byte_map: [0x000001b4ede50000,0x000001b4ee640000] byte_map_base: 0x000001b4ea83e000

Marking Bits: (ParMarkBitMap*) 0x000000005c737fe0
 Begin Bits: [0x000001b4eeb90000, 0x000001b4f2b00000)
 End Bits:   [0x000001b4f2b00000, 0x000001b4f6a70000)

Polling page: 0x000001b4dd180000

CodeCache: size=245760Kb used=5400Kb max_used=5411Kb free=240359Kb
 bounds [0x000001b4dea90000, 0x000001b4defe0000, 0x000001b4eda90000]
 total_blobs=2325 nmethods=1605 adapters=632
 compilation: enabled

Compilation events (10 events):
Event: 11.994 Thread 0x000001b4f8790000 1601       4       processing.core.PApplet::stroke (24 bytes)
Event: 11.995 Thread 0x000001b4f8790000 nmethod 1601 0x000001b4defd9a50 code [0x000001b4defd9bc0, 0x000001b4defd9ec8]
Event: 12.044 Thread 0x000001b4f878d000 1602       4       java.security.AccessControlContext::<init> (63 bytes)
Event: 12.044 Thread 0x000001b4f878d000 nmethod 1602 0x000001b4defd4f50 code [0x000001b4defd5080, 0x000001b4defd5138]
Event: 12.197 Thread 0x000001b4f879d800 1603       3       java.awt.geom.AffineTransform::<init> (15 bytes)
Event: 12.197 Thread 0x000001b4f879d800 nmethod 1603 0x000001b4defd61d0 code [0x000001b4defd6320, 0x000001b4defd64f8]
Event: 12.246 Thread 0x000001b4f8797000 1604       4       controlP5.Slider$SliderViewH::display (10 bytes)
Event: 12.246 Thread 0x000001b4f8797000 nmethod 1604 0x000001b4defd5ed0 code [0x000001b4defd6020, 0x000001b4defd60e8]
Event: 12.443 Thread 0x000001b4f8790000 1605       4       processing.core.PApplet::strokeWeight (24 bytes)
Event: 12.444 Thread 0x000001b4f8790000 nmethod 1605 0x000001b4defd5bd0 code [0x000001b4defd5d20, 0x000001b4defd5dd8]

GC Heap History (4 events):
Event: 0.682 GC heap before
{Heap before GC invocations=1 (full 0):
 PSYoungGen      total 75776K, used 65024K [0x000000076b700000, 0x0000000770b80000, 0x00000007c0000000)
  eden space 65024K, 100% used [0x000000076b700000,0x000000076f680000,0x000000076f680000)
  from space 10752K, 0% used [0x0000000770100000,0x0000000770100000,0x0000000770b80000)
  to   space 10752K, 0% used [0x000000076f680000,0x000000076f680000,0x0000000770100000)
 ParOldGen       total 173568K, used 0K [0x00000006c2400000, 0x00000006ccd80000, 0x000000076b700000)
  object space 173568K, 0% used [0x00000006c2400000,0x00000006c2400000,0x00000006ccd80000)
 Metaspace       used 12258K, capacity 12444K, committed 12672K, reserved 1060864K
  class space    used 1274K, capacity 1361K, committed 1408K, reserved 1048576K
Event: 0.685 GC heap after
Heap after GC invocations=1 (full 0):
 PSYoungGen      total 75776K, used 4942K [0x000000076b700000, 0x0000000770b80000, 0x00000007c0000000)
  eden space 65024K, 0% used [0x000000076b700000,0x000000076b700000,0x000000076f680000)
  from space 10752K, 45% used [0x000000076f680000,0x000000076fb539e8,0x0000000770100000)
  to   space 10752K, 0% used [0x0000000770100000,0x0000000770100000,0x0000000770b80000)
 ParOldGen       total 173568K, used 16K [0x00000006c2400000, 0x00000006ccd80000, 0x000000076b700000)
  object space 173568K, 0% used [0x00000006c2400000,0x00000006c2404000,0x00000006ccd80000)
 Metaspace       used 12258K, capacity 12444K, committed 12672K, reserved 1060864K
  class space    used 1274K, capacity 1361K, committed 1408K, reserved 1048576K
}
Event: 1.743 GC heap before
{Heap before GC invocations=2 (full 0):
 PSYoungGen      total 75776K, used 69966K [0x000000076b700000, 0x0000000770b80000, 0x00000007c0000000)
  eden space 65024K, 100% used [0x000000076b700000,0x000000076f680000,0x000000076f680000)
  from space 10752K, 45% used [0x000000076f680000,0x000000076fb539e8,0x0000000770100000)
  to   space 10752K, 0% used [0x0000000770100000,0x0000000770100000,0x0000000770b80000)
 ParOldGen       total 173568K, used 16K [0x00000006c2400000, 0x00000006ccd80000, 0x000000076b700000)
  object space 173568K, 0% used [0x00000006c2400000,0x00000006c2404000,0x00000006ccd80000)
 Metaspace       used 12929K, capacity 13124K, committed 13440K, reserved 1060864K
  class space    used 1295K, capacity 1367K, committed 1408K, reserved 1048576K
Event: 1.747 GC heap after
Heap after GC invocations=2 (full 0):
 PSYoungGen      total 75776K, used 4599K [0x000000076b700000, 0x0000000770b80000, 0x00000007c0000000)
  eden space 65024K, 0% used [0x000000076b700000,0x000000076b700000,0x000000076f680000)
  from space 10752K, 42% used [0x0000000770100000,0x000000077057dc08,0x0000000770b80000)
  to   space 10752K, 0% used [0x000000076f680000,0x000000076f680000,0x0000000770100000)
 ParOldGen       total 173568K, used 32K [0x00000006c2400000, 0x00000006ccd80000, 0x000000076b700000)
  object space 173568K, 0% used [0x00000006c2400000,0x00000006c2408000,0x00000006ccd80000)
 Metaspace       used 12929K, capacity 13124K, committed 13440K, reserved 1060864K
  class space    used 1295K, capacity 1367K, committed 1408K, reserved 1048576K
}

Deoptimization events (10 events):
Event: 6.497 Thread 0x000001b4fa594800 Uncommon trap: reason=class_check action=maybe_recompile pc=0x000001b4def453c8 method=controlP5.ControlFont.adjust(Lprocessing/core/PApplet;LcontrolP5/Label;)V @ 6
Event: 6.643 Thread 0x000001b4fa594800 Uncommon trap: reason=unstable_if action=reinterpret pc=0x000001b4def80f24 method=java.lang.reflect.Method.invoke(Ljava/lang/Object;[Ljava/lang/Object;)Ljava/lang/Object; @ 45
Event: 7.493 Thread 0x000001b4fa594800 Uncommon trap: reason=bimorphic action=maybe_recompile pc=0x000001b4def5852c method=controlP5.Controller.updateEvents()Ljava/lang/Object; @ 303
Event: 7.543 Thread 0x000001b4fa594800 Uncommon trap: reason=bimorphic action=maybe_recompile pc=0x000001b4def5852c method=controlP5.Controller.updateEvents()Ljava/lang/Object; @ 303
Event: 7.543 Thread 0x000001b4fa594800 Uncommon trap: reason=bimorphic action=maybe_recompile pc=0x000001b4def5851c method=controlP5.Controller.updateEvents()Ljava/lang/Object; @ 329
Event: 7.594 Thread 0x000001b4fa594800 Uncommon trap: reason=bimorphic action=maybe_recompile pc=0x000001b4def5852c method=controlP5.Controller.updateEvents()Ljava/lang/Object; @ 303
Event: 9.334 Thread 0x000001b4fa530000 Uncommon trap: reason=unstable_if action=reinterpret pc=0x000001b4defb402c method=java.awt.EventQueue.postEvent(Ljava/awt/AWTEvent;I)V @ 6
Event: 10.297 Thread 0x000001b4fa594800 Uncommon trap: reason=unstable_if action=reinterpret pc=0x000001b4def838dc method=controlP5.Numberbox.updateInternalEvents(Lprocessing/core/PApplet;)LcontrolP5/Numberbox; @ 4
Event: 10.297 Thread 0x000001b4fa594800 Uncommon trap: reason=unstable_if action=reinterpret pc=0x000001b4defc85fc method=controlP5.Numberbox$NumberboxView.display(Lprocessing/core/PApplet;LcontrolP5/Numberbox;)V @ 44
Event: 10.647 Thread 0x000001b4f9ec8000 Uncommon trap: reason=unstable_if action=reinterpret pc=0x000001b4def3c250 method=java.util.concurrent.locks.ReentrantLock$NonfairSync.lock()V @ 6

Classes redefined (0 events):
No events

Internal exceptions (10 events):
Event: 0.643 Thread 0x000001b4fa594800 Exception <a 'java/io/FileNotFoundException'> (0x000000076ccb0bb0) thrown at [C:\jenkins\workspace\8-2-build-windows-amd64-cygwin\jdk8u271\605\hotspot\src\share\vm\prims\jni.cpp, line 710]
Event: 0.644 Thread 0x000001b4fa594800 Exception <a 'java/io/FileNotFoundException'> (0x000000076ccc2d38) thrown at [C:\jenkins\workspace\8-2-build-windows-amd64-cygwin\jdk8u271\605\hotspot\src\share\vm\prims\jni.cpp, line 710]
Event: 0.649 Thread 0x000001b4fa594800 Exception <a 'java/io/FileNotFoundException'> (0x000000076ccd8ee0) thrown at [C:\jenkins\workspace\8-2-build-windows-amd64-cygwin\jdk8u271\605\hotspot\src\share\vm\prims\jni.cpp, line 710]
Event: 0.649 Thread 0x000001b4fa594800 Exception <a 'java/io/FileNotFoundException'> (0x000000076ccf2828) thrown at [C:\jenkins\workspace\8-2-build-windows-amd64-cygwin\jdk8u271\605\hotspot\src\share\vm\prims\jni.cpp, line 710]
Event: 0.655 Thread 0x000001b4fa594800 Exception <a 'java/io/FileNotFoundException'> (0x000000076cd089d0) thrown at [C:\jenkins\workspace\8-2-build-windows-amd64-cygwin\jdk8u271\605\hotspot\src\share\vm\prims\jni.cpp, line 710]
Event: 1.946 Thread 0x000001b4fa594800 Exception <a 'java/io/FileNotFoundException'> (0x000000076b71a848) thrown at [C:\jenkins\workspace\8-2-build-windows-amd64-cygwin\jdk8u271\605\hotspot\src\share\vm\prims\jni.cpp, line 710]
Event: 1.953 Thread 0x000001b4fa594800 Exception <a 'java/io/FileNotFoundException'> (0x000000076b730bd8) thrown at [C:\jenkins\workspace\8-2-build-windows-amd64-cygwin\jdk8u271\605\hotspot\src\share\vm\prims\jni.cpp, line 710]
Event: 1.953 Thread 0x000001b4fa594800 Exception <a 'java/io/FileNotFoundException'> (0x000000076b748a40) thrown at [C:\jenkins\workspace\8-2-build-windows-amd64-cygwin\jdk8u271\605\hotspot\src\share\vm\prims\jni.cpp, line 710]
Event: 1.958 Thread 0x000001b4fa594800 Exception <a 'java/io/FileNotFoundException'> (0x000000076b75edd0) thrown at [C:\jenkins\workspace\8-2-build-windows-amd64-cygwin\jdk8u271\605\hotspot\src\share\vm\prims\jni.cpp, line 710]
Event: 6.643 Thread 0x000001b4fa594800 Implicit null exception at 0x000001b4def80e90 to 0x000001b4def80f0a

Events (10 events):
Event: 10.297 Thread 0x000001b4fa594800 DEOPT PACKING pc=0x000001b4def838dc sp=0x0000002b50bfeda0
Event: 10.297 Thread 0x000001b4fa594800 DEOPT UNPACKING pc=0x000001b4dead5843 sp=0x0000002b50bfecd8 mode 2
Event: 10.297 Thread 0x000001b4fa594800 Uncommon trap: trap_request=0xffffff65 fr.pc=0x000001b4defc85fc
Event: 10.297 Thread 0x000001b4fa594800 DEOPT PACKING pc=0x000001b4defc85fc sp=0x0000002b50bfecd0
Event: 10.297 Thread 0x000001b4fa594800 DEOPT UNPACKING pc=0x000001b4dead5843 sp=0x0000002b50bfec30 mode 2
Event: 10.647 Thread 0x000001b4f9ec8000 Uncommon trap: trap_request=0xffffff65 fr.pc=0x000001b4def3c250
Event: 10.647 Thread 0x000001b4f9ec8000 DEOPT PACKING pc=0x000001b4def3c250 sp=0x0000002b505fdb30
Event: 10.647 Thread 0x000001b4f9ec8000 DEOPT UNPACKING pc=0x000001b4dead5843 sp=0x0000002b505fdad0 mode 2
Event: 12.043 loading class java/security/DomainCombiner
Event: 12.043 loading class java/security/DomainCombiner done


Dynamic libraries:
0x00007ff77e8d0000 - 0x00007ff77e917000 	C:\Program Files (x86)\Common Files\Oracle\Java\javapath\javaw.exe
0x00007ffc91ae0000 - 0x00007ffc91cd0000 	C:\Windows\SYSTEM32\ntdll.dll
0x00007ffc8ff30000 - 0x00007ffc8ffe2000 	C:\Windows\System32\KERNEL32.DLL
0x00007ffc8f820000 - 0x00007ffc8fac5000 	C:\Windows\System32\KERNELBASE.dll
0x00007ffc90ed0000 - 0x00007ffc90f73000 	C:\Windows\System32\ADVAPI32.dll
0x00007ffc8fc80000 - 0x00007ffc8fd1e000 	C:\Windows\System32\msvcrt.dll
0x00007ffc916f0000 - 0x00007ffc91787000 	C:\Windows\System32\sechost.dll
0x00007ffc8fd40000 - 0x00007ffc8fe60000 	C:\Windows\System32\RPCRT4.dll
0x00007ffc91900000 - 0x00007ffc91a94000 	C:\Windows\System32\USER32.dll
0x00007ffc8f740000 - 0x00007ffc8f761000 	C:\Windows\System32\win32u.dll
0x00007ffc90b50000 - 0x00007ffc90b76000 	C:\Windows\System32\GDI32.dll
0x00007ffc8ee10000 - 0x00007ffc8efa6000 	C:\Windows\System32\gdi32full.dll
0x00007ffc8fad0000 - 0x00007ffc8fb6e000 	C:\Windows\System32\msvcp_win.dll
0x00007ffc8ec30000 - 0x00007ffc8ed2a000 	C:\Windows\System32\ucrtbase.dll
0x00007ffc7a130000 - 0x00007ffc7a3b4000 	C:\Windows\WinSxS\amd64_microsoft.windows.common-controls_6595b64144ccf1df_6.0.18362.1198_none_9e820b57e45ad92f\COMCTL32.dll
0x00007ffc90b90000 - 0x00007ffc90ec5000 	C:\Windows\System32\combase.dll
0x00007ffc8ed30000 - 0x00007ffc8edb0000 	C:\Windows\System32\bcryptPrimitives.dll
0x00007ffc8fba0000 - 0x00007ffc8fbce000 	C:\Windows\System32\IMM32.DLL
0x00007ffc8ab90000 - 0x00007ffc8aba5000 	C:\Program Files\Java\jre1.8.0_271\bin\vcruntime140.dll
0x00007ffc8aaf0000 - 0x00007ffc8ab8b000 	C:\Program Files\Java\jre1.8.0_271\bin\msvcp140.dll
0x000000005bf40000 - 0x000000005c7af000 	C:\Program Files\Java\jre1.8.0_271\bin\server\jvm.dll
0x00007ffc8fb90000 - 0x00007ffc8fb98000 	C:\Windows\System32\PSAPI.DLL
0x00007ffc2a620000 - 0x00007ffc2a629000 	C:\Windows\SYSTEM32\WSOCK32.dll
0x00007ffc8a5a0000 - 0x00007ffc8a5c4000 	C:\Windows\SYSTEM32\WINMM.dll
0x00007ffc90a60000 - 0x00007ffc90acf000 	C:\Windows\System32\WS2_32.dll
0x00007ffc89010000 - 0x00007ffc8901a000 	C:\Windows\SYSTEM32\VERSION.dll
0x00007ffc8a570000 - 0x00007ffc8a59d000 	C:\Windows\SYSTEM32\winmmbase.dll
0x00007ffc8ea60000 - 0x00007ffc8eaaa000 	C:\Windows\System32\cfgmgr32.dll
0x00007ffc8e9a0000 - 0x00007ffc8e9b1000 	C:\Windows\System32\kernel.appcore.dll
0x00007ffc8abc0000 - 0x00007ffc8abd0000 	C:\Program Files\Java\jre1.8.0_271\bin\verify.dll
0x00007ffc66310000 - 0x00007ffc6633b000 	C:\Program Files\Java\jre1.8.0_271\bin\java.dll
0x00007ffc662f0000 - 0x00007ffc66308000 	C:\Program Files\Java\jre1.8.0_271\bin\zip.dll
0x00007ffc902a0000 - 0x00007ffc90987000 	C:\Windows\System32\SHELL32.dll
0x00007ffc8fbd0000 - 0x00007ffc8fc79000 	C:\Windows\System32\shcore.dll
0x00007ffc8efb0000 - 0x00007ffc8f731000 	C:\Windows\System32\windows.storage.dll
0x00007ffc8ea30000 - 0x00007ffc8ea53000 	C:\Windows\System32\profapi.dll
0x00007ffc8e9e0000 - 0x00007ffc8ea2a000 	C:\Windows\System32\powrprof.dll
0x00007ffc8e990000 - 0x00007ffc8e9a0000 	C:\Windows\System32\UMPDC.dll
0x00007ffc900a0000 - 0x00007ffc900f2000 	C:\Windows\System32\shlwapi.dll
0x00007ffc8fb70000 - 0x00007ffc8fb87000 	C:\Windows\System32\cryptsp.dll
0x00007ffc26540000 - 0x00007ffc266d4000 	C:\Program Files\Java\jre1.8.0_271\bin\awt.dll
0x00007ffc90990000 - 0x00007ffc90a55000 	C:\Windows\System32\OLEAUT32.dll
0x00007ffc8c330000 - 0x00007ffc8c3bf000 	C:\Windows\SYSTEM32\apphelp.dll
0x00007ffc8c500000 - 0x00007ffc8c599000 	C:\Windows\system32\uxtheme.dll
0x00007ffc90100000 - 0x00007ffc90235000 	C:\Windows\System32\MSCTF.dll
0x00007ffc3bd90000 - 0x00007ffc3be8b000 	C:\ProgramData\A-Volute\A-Volute.SonicStudio3\Modules\ScheduledModules\x64\A-Volute.SonicStudio3DevProps2.dll
0x00007ffc917a0000 - 0x00007ffc918f7000 	C:\Windows\System32\ole32.dll
0x00007ffc8cd70000 - 0x00007ffc8cd9d000 	C:\Windows\system32\DWMAPI.DLL
0x00007ffc5a5e0000 - 0x00007ffc5a736000 	C:\Windows\system32\opengl32.dll
0x00007ffc5b210000 - 0x00007ffc5b23c000 	C:\Windows\SYSTEM32\GLU32.dll
0x00007ffc8d5d0000 - 0x00007ffc8d5f0000 	C:\Windows\SYSTEM32\dxcore.dll
0x00007ffc7e7d0000 - 0x00007ffc7e997000 	C:\Windows\system32\d3d9.dll
0x00007ffc27820000 - 0x00007ffc279ed000 	C:\Windows\System32\DriverStore\FileRepository\iigd_dch.inf_amd64_8dc03618ea16fa9b\igdumdim64.dll
0x00007ffc84290000 - 0x00007ffc843b0000 	C:\Windows\System32\DriverStore\FileRepository\iigd_dch.inf_amd64_8dc03618ea16fa9b\igdgmm64.dll
0x00007ffbfa260000 - 0x00007ffbfde71000 	C:\Windows\System32\DriverStore\FileRepository\iigd_dch.inf_amd64_8dc03618ea16fa9b\igd9dxva64.dll
0x00007ffc7b090000 - 0x00007ffc7b17f000 	C:\Windows\System32\DriverStore\FileRepository\nvam.inf_amd64_f5109f27a68c226c\nvldumdx.dll
0x00007ffc8eab0000 - 0x00007ffc8ebf9000 	C:\Windows\System32\crypt32.dll
0x00007ffc8e9c0000 - 0x00007ffc8e9d2000 	C:\Windows\System32\MSASN1.dll
0x00007ffc88480000 - 0x00007ffc884af000 	C:\Windows\SYSTEM32\cryptnet.dll
0x00007ffc8e3b0000 - 0x00007ffc8e3bc000 	C:\Windows\SYSTEM32\cryptbase.dll
0x00007ffc8edb0000 - 0x00007ffc8ee0c000 	C:\Windows\System32\WINTRUST.DLL
0x00007ffc8fd20000 - 0x00007ffc8fd3d000 	C:\Windows\System32\imagehlp.dll
0x00007ffc8dd50000 - 0x00007ffc8dd83000 	C:\Windows\system32\rsaenh.dll
0x00007ffc8ec00000 - 0x00007ffc8ec26000 	C:\Windows\System32\bcrypt.dll
0x00007ffbf8d50000 - 0x00007ffbfa257000 	C:\Windows\System32\DriverStore\FileRepository\nvam.inf_amd64_f5109f27a68c226c\nvd3dumx.dll
0x00007ffbc09a0000 - 0x00007ffbc0c64000 	C:\Windows\system32\nvspcap64.dll
0x00007ffc8d9d0000 - 0x00007ffc8da01000 	C:\Windows\SYSTEM32\ntmarta.dll
0x00007ffc8d4a0000 - 0x00007ffc8d4c2000 	C:\Windows\SYSTEM32\gpapi.dll
0x00007ffc662a0000 - 0x00007ffc662e9000 	C:\Program Files\Java\jre1.8.0_271\bin\fontmanager.dll
0x0000000010000000 - 0x000000001005a000 	C:\Users\asus\Documents\GitHub\diosa\Flight Controller\MultiWii_2_4\MultiWiiConf\application.windows64\jogl.dll
0x000000005ebc0000 - 0x000000005ec89000 	C:\Windows\WinSxS\amd64_microsoft.vc80.crt_1fc8b3b9a1e18e3b_8.0.50727.9659_none_88dfc6bf2faefcc6\MSVCR80.dll
0x00007ffc8aae0000 - 0x00007ffc8aae7000 	C:\Program Files\Java\jre1.8.0_271\bin\jawt.dll
0x0000000000ea0000 - 0x0000000000ea7000 	C:\Users\asus\Documents\GitHub\diosa\Flight Controller\MultiWii_2_4\MultiWiiConf\application.windows64\jogl_awt.dll
0x00007ffbc49c0000 - 0x00007ffbc59c4000 	C:\Windows\System32\DriverStore\FileRepository\iigd_dch.inf_amd64_8dc03618ea16fa9b\ig9icd64.dll
0x00007ffc8d660000 - 0x00007ffc8d74b000 	C:\Windows\system32\dxgi.dll
0x00007ffc5fda0000 - 0x00007ffc5fe3e000 	C:\Windows\System32\TextInputFramework.dll
0x00007ffc87cd0000 - 0x00007ffc87ffa000 	C:\Windows\System32\CoreUIComponents.dll
0x00007ffc8bb60000 - 0x00007ffc8bc34000 	C:\Windows\System32\CoreMessaging.dll
0x00007ffc89bc0000 - 0x00007ffc89d13000 	C:\Windows\SYSTEM32\wintypes.dll
0x00007ffc805f0000 - 0x00007ffc82950000 	C:\Windows\System32\DriverStore\FileRepository\iigd_dch.inf_amd64_8dc03618ea16fa9b\igc64.dll
0x00007ffc66280000 - 0x00007ffc6629c000 	C:\Program Files\Java\jre1.8.0_271\bin\net.dll
0x00007ffc8e1e0000 - 0x00007ffc8e247000 	C:\Windows\system32\mswsock.dll
0x00007ffc66260000 - 0x00007ffc66273000 	C:\Program Files\Java\jre1.8.0_271\bin\nio.dll
0x00007ffc66210000 - 0x00007ffc66253000 	C:\Program Files\Java\jre1.8.0_271\bin\t2k.dll
0x0000000180000000 - 0x0000000180025000 	C:\Users\asus\Documents\GitHub\diosa\Flight Controller\MultiWii_2_4\MultiWiiConf\application.windows64\rxtxSerial.dll
0x00007ffc7abd0000 - 0x00007ffc7ae77000 	C:\Windows\System32\iertutil.dll
0x00007ffc8d2a0000 - 0x00007ffc8d494000 	C:\Windows\SYSTEM32\dbghelp.dll

VM Arguments:
java_command: MultiWiiConf
java_class_path (initial): C:\Users\asus\Documents\GitHub\diosa\Flight Controller\MultiWii_2_4\MultiWiiConf\application.windows64\lib\MultiWiiConf.jar;C:\Users\asus\Documents\GitHub\diosa\Flight Controller\MultiWii_2_4\MultiWiiConf\application.windows64\lib\core.jar;C:\Users\asus\Documents\GitHub\diosa\Flight Controller\MultiWii_2_4\MultiWiiConf\application.windows64\lib\RXTXcomm.jar;C:\Users\asus\Documents\GitHub\diosa\Flight Controller\MultiWii_2_4\MultiWiiConf\application.windows64\lib\serial.jar;C:\Users\asus\Documents\GitHub\diosa\Flight Controller\MultiWii_2_4\MultiWiiConf\application.windows64\lib\controlP5.jar;C:\Users\asus\Documents\GitHub\diosa\Flight Controller\MultiWii_2_4\MultiWiiConf\application.windows64\lib\controlP5_ori.jar;C:\Users\asus\Documents\GitHub\diosa\Flight Controller\MultiWii_2_4\MultiWiiConf\application.windows64\lib\gluegen-rt.jar;C:\Users\asus\Documents\GitHub\diosa\Flight Controller\MultiWii_2_4\MultiWiiConf\application.windows64\lib\jogl.jar;C:\Users\asus\Documents\GitHub\diosa\Flight Controller\MultiWii_2_4\MultiWiiConf\application.windows64\lib\opengl.jar
Launcher Type: SUN_STANDARD

Environment Variables:
CLASSPATH=C:\Users\asus\Documents\GitHub\diosa\Flight Controller\MultiWii_2_4\MultiWiiConf\application.windows64\lib\MultiWiiConf.jar;C:\Users\asus\Documents\GitHub\diosa\Flight Controller\MultiWii_2_4\MultiWiiConf\application.windows64\lib\core.jar;C:\Users\asus\Documents\GitHub\diosa\Flight Controller\MultiWii_2_4\MultiWiiConf\application.windows64\lib\RXTXcomm.jar;C:\Users\asus\Documents\GitHub\diosa\Flight Controller\MultiWii_2_4\MultiWiiConf\application.windows64\lib\serial.jar;C:\Users\asus\Documents\GitHub\diosa\Flight Controller\MultiWii_2_4\MultiWiiConf\application.windows64\lib\controlP5.jar;C:\Users\asus\Documents\GitHub\diosa\Flight Controller\MultiWii_2_4\MultiWiiConf\application.windows64\lib\controlP5_ori.jar;C:\Users\asus\Documents\GitHub\diosa\Flight Controller\MultiWii_2_4\MultiWiiConf\application.windows64\lib\gluegen-rt.jar;C:\Users\asus\Documents\GitHub\diosa\Flight Controller\MultiWii_2_4\MultiWiiConf\application.windows64\lib\jogl.jar;C:\Users\asus\Documents\GitHub\diosa\Flight Controller\MultiWii_2_4\MultiWiiConf\application.windows64\lib\opengl.jar
PATH=C:\Program Files (x86)\Common Files\Oracle\Java\javapath;C:\Windows\system32;C:\Windows;C:\Windows\System32\Wbem;C:\Windows\System32\WindowsPowerShell\v1.0;C:\Program Files (x86)\NVIDIA Corporation\PhysX\Common;C:\Program Files\NVIDIA Corporation\NVIDIA NvDLISR;C:\Program Files\nodejs;C:\Program Files\Git\cmd;C:\Program Files\PuTTY;C:\Users\asus\AppData\Local\Microsoft\WindowsApps;C:\Users\asus\AppData\Local\Programs\Microsoft VS Code\bin;C:\Users\asus\AppData\Local\GitHubDesktop\bin;C:\Users\asus\AppData\Roaming\npm
USERNAME=asus
OS=Windows_NT
PROCESSOR_IDENTIFIER=Intel64 Family 6 Model 158 Stepping 10, GenuineIntel



---------------  S Y S T E M  ---------------

OS: Windows 10.0 , 64 bit Build 18362 (10.0.18362.1110)

CPU:total 8 (initial active 8) (4 cores per cpu, 2 threads per core) family 6 model 158 stepping 10, cmov, cx8, fxsr, mmx, sse, sse2, sse3, ssse3, sse4.1, sse4.2, popcnt, avx, avx2, aes, clmul, erms, 3dnowpref, lzcnt, ht, tsc, tscinvbit, bmi1, bmi2, adx

Memory: 4k page, physical 16626168k(9519088k free), swap 19116536k(9016376k free)

vm_info: Java HotSpot(TM) 64-Bit Server VM (25.271-b09) for windows-amd64 JRE (1.8.0_271-b09), built on Sep 16 2020 19:14:59 by "" with MS VC++ 15.9 (VS2017)

time: Wed Nov 25 21:01:22 2020
timezone: China Standard Time
elapsed time: 12.575591 seconds (0d 0h 0m 12s)

